# JRE version: Java(TM) SE Runtime Environment (8.0_181-b13) (build 1.8.0_181-b13)
# Java VM: Java HotSpot(TM) 64-Bit Server VM (25.181-b13 mixed mode windows-amd64 compressed oops)
Heap:
 PSYoungGen      total 138752K, used 85372K [0x00000000ebc00000, 0x00000000f6e00000, 0x0000000100000000)
  eden space 130048K, 65% used [0x00000000ebc00000,0x00000000f0f5f298,0x00000000f3b00000)
  from space 8704K, 0% used [0x00000000f4500000,0x00000000f4500000,0x00000000f4d80000)
  to   space 10240K, 0% used [0x00000000f3b00000,0x00000000f3b00000,0x00000000f4500000)
 ParOldGen       total 50688K, used 14951K [0x00000000c3400000, 0x00000000c6580000, 0x00000000ebc00000)
  object space 50688K, 29% used [0x00000000c3400000,0x00000000c4299db8,0x00000000c6580000)
 Metaspace       used 40568K, capacity 42150K, committed 42368K, reserved 1085440K
  class space    used 5441K, capacity 5754K, committed 5760K, reserved 1048576K
GC Heap History (10 events):
Event: 3.082 GC heap before
{Heap before GC invocations=8 (full 1):
 PSYoungGen      total 68608K, used 5969K [0x00000000ebc00000, 0x00000000f4300000, 0x0000000100000000)
  eden space 62464K, 0% used [0x00000000ebc00000,0x00000000ebc00000,0x00000000ef900000)
  from space 6144K, 97% used [0x00000000ef900000,0x00000000efed4520,0x00000000eff00000)
  to   space 6656K, 0% used [0x00000000f3c80000,0x00000000f3c80000,0x00000000f4300000)
 ParOldGen       total 42496K, used 7564K [0x00000000c3400000, 0x00000000c5d80000, 0x00000000ebc00000)
  object space 42496K, 17% used [0x00000000c3400000,0x00000000c3b63040,0x00000000c5d80000)
 Metaspace       used 20511K, capacity 21156K, committed 21296K, reserved 1067008K
  class space    used 2683K, capacity 2867K, committed 2944K, reserved 1048576K
Event: 3.117 GC heap after
Heap after GC invocations=8 (full 1):
 PSYoungGen      total 68608K, used 0K [0x00000000ebc00000, 0x00000000f4300000, 0x0000000100000000)
  eden space 62464K, 0% used [0x00000000ebc00000,0x00000000ebc00000,0x00000000ef900000)
  from space 6144K, 0% used [0x00000000ef900000,0x00000000ef900000,0x00000000eff00000)
  to   space 6656K, 0% used [0x00000000f3c80000,0x00000000f3c80000,0x00000000f4300000)
 ParOldGen       total 32256K, used 7899K [0x00000000c3400000, 0x00000000c5380000, 0x00000000ebc00000)
  object space 32256K, 24% used [0x00000000c3400000,0x00000000c3bb6ca0,0x00000000c5380000)
 Metaspace       used 20509K, capacity 21150K, committed 21296K, reserved 1067008K
  class space    used 2682K, capacity 2866K, committed 2944K, reserved 1048576K
}
Event: 4.961 GC heap before
{Heap before GC invocations=9 (full 1):
 PSYoungGen      total 68608K, used 62448K [0x00000000ebc00000, 0x00000000f4300000, 0x0000000100000000)
  eden space 62464K, 99% used [0x00000000ebc00000,0x00000000ef8fc0a0,0x00000000ef900000)
  from space 6144K, 0% used [0x00000000ef900000,0x00000000ef900000,0x00000000eff00000)
  to   space 6656K, 0% used [0x00000000f3c80000,0x00000000f3c80000,0x00000000f4300000)
 ParOldGen       total 32256K, used 7899K [0x00000000c3400000, 0x00000000c5380000, 0x00000000ebc00000)
  object space 32256K, 24% used [0x00000000c3400000,0x00000000c3bb6ca0,0x00000000c5380000)
 Metaspace       used 23105K, capacity 23950K, committed 24320K, reserved 1071104K
  class space    used 3000K, capacity 3202K, committed 3328K, reserved 1048576K
Event: 4.975 GC heap after
Heap after GC invocations=9 (full 1):
 PSYoungGen      total 103936K, used 4669K [0x00000000ebc00000, 0x00000000f4180000, 0x0000000100000000)
  eden space 98816K, 0% used [0x00000000ebc00000,0x00000000ebc00000,0x00000000f1c80000)
  from space 5120K, 91% used [0x00000000f3c80000,0x00000000f410f4e8,0x00000000f4180000)
  to   space 6656K, 0% used [0x00000000f3480000,0x00000000f3480000,0x00000000f3b00000)
 ParOldGen       total 32256K, used 7907K [0x00000000c3400000, 0x00000000c5380000, 0x00000000ebc00000)
  object space 32256K, 24% used [0x00000000c3400000,0x00000000c3bb8ca0,0x00000000c5380000)
 Metaspace       used 23105K, capacity 23950K, committed 24320K, reserved 1071104K
  class space    used 3000K, capacity 3202K, committed 3328K, reserved 1048576K
}
Event: 6.889 GC heap before
{Heap before GC invocations=10 (full 1):
 PSYoungGen      total 103936K, used 103485K [0x00000000ebc00000, 0x00000000f4180000, 0x0000000100000000)
  eden space 98816K, 100% used [0x00000000ebc00000,0x00000000f1c80000,0x00000000f1c80000)
  from space 5120K, 91% used [0x00000000f3c80000,0x00000000f410f4e8,0x00000000f4180000)
  to   space 6656K, 0% used [0x00000000f3480000,0x00000000f3480000,0x00000000f3b00000)
 ParOldGen       total 32256K, used 7907K [0x00000000c3400000, 0x00000000c5380000, 0x00000000ebc00000)
  object space 32256K, 24% used [0x00000000c3400000,0x00000000c3bb8ca0,0x00000000c5380000)
 Metaspace       used 29411K, capacity 30926K, committed 31104K, reserved 1077248K
  class space    used 3887K, capacity 4172K, committed 4224K, reserved 1048576K
Event: 6.902 GC heap after
Heap after GC invocations=10 (full 1):
 PSYoungGen      total 130048K, used 6652K [0x00000000ebc00000, 0x00000000f4d80000, 0x0000000100000000)
  eden space 123392K, 0% used [0x00000000ebc00000,0x00000000ebc00000,0x00000000f3480000)
  from space 6656K, 99% used [0x00000000f3480000,0x00000000f3aff2f8,0x00000000f3b00000)
  to   space 8704K, 0% used [0x00000000f4500000,0x00000000f4500000,0x00000000f4d80000)
 ParOldGen       total 32256K, used 10975K [0x00000000c3400000, 0x00000000c5380000, 0x00000000ebc00000)
  object space 32256K, 34% used [0x00000000c3400000,0x00000000c3eb7f00,0x00000000c5380000)
 Metaspace       used 29411K, capacity 30926K, committed 31104K, reserved 1077248K
  class space    used 3887K, capacity 4172K, committed 4224K, reserved 1048576K
}
Event: 8.821 GC heap before
{Heap before GC invocations=11 (full 1):
 PSYoungGen      total 130048K, used 116314K [0x00000000ebc00000, 0x00000000f4d80000, 0x0000000100000000)
  eden space 123392K, 88% used [0x00000000ebc00000,0x00000000f27175f0,0x00000000f3480000)
  from space 6656K, 99% used [0x00000000f3480000,0x00000000f3aff2f8,0x00000000f3b00000)
  to   space 8704K, 0% used [0x00000000f4500000,0x00000000f4500000,0x00000000f4d80000)
 ParOldGen       total 32256K, used 10975K [0x00000000c3400000, 0x00000000c5380000, 0x00000000ebc00000)
  object space 32256K, 34% used [0x00000000c3400000,0x00000000c3eb7f00,0x00000000c5380000)
 Metaspace       used 33870K, capacity 35394K, committed 35456K, reserved 1079296K
  class space    used 4382K, capacity 4680K, committed 4736K, reserved 1048576K
Event: 8.836 GC heap after
Heap after GC invocations=11 (full 1):
 PSYoungGen      total 138752K, used 8678K [0x00000000ebc00000, 0x00000000f6e00000, 0x0000000100000000)
  eden space 130048K, 0% used [0x00000000ebc00000,0x00000000ebc00000,0x00000000f3b00000)
  from space 8704K, 99% used [0x00000000f4500000,0x00000000f4d79af0,0x00000000f4d80000)
  to   space 10240K, 0% used [0x00000000f3b00000,0x00000000f3b00000,0x00000000f4500000)
 ParOldGen       total 32256K, used 12926K [0x00000000c3400000, 0x00000000c5380000, 0x00000000ebc00000)
  object space 32256K, 40% used [0x00000000c3400000,0x00000000c409fbc0,0x00000000c5380000)
 Metaspace       used 33870K, capacity 35394K, committed 35456K, reserved 1079296K
  class space    used 4382K, capacity 4680K, committed 4736K, reserved 1048576K
}
Event: 8.836 GC heap before
{Heap before GC invocations=12 (full 2):
 PSYoungGen      total 138752K, used 8678K [0x00000000ebc00000, 0x00000000f6e00000, 0x0000000100000000)
  eden space 130048K, 0% used [0x00000000ebc00000,0x00000000ebc00000,0x00000000f3b00000)
  from space 8704K, 99% used [0x00000000f4500000,0x00000000f4d79af0,0x00000000f4d80000)
  to   space 10240K, 0% used [0x00000000f3b00000,0x00000000f3b00000,0x00000000f4500000)
 ParOldGen       total 32256K, used 12926K [0x00000000c3400000, 0x00000000c5380000, 0x00000000ebc00000)
  object space 32256K, 40% used [0x00000000c3400000,0x00000000c409fbc0,0x00000000c5380000)
 Metaspace       used 33870K, capacity 35394K, committed 35456K, reserved 1079296K
  class space    used 4382K, capacity 4680K, committed 4736K, reserved 1048576K
Event: 8.891 GC heap after
Heap after GC invocations=12 (full 2):
 PSYoungGen      total 138752K, used 0K [0x00000000ebc00000, 0x00000000f6e00000, 0x0000000100000000)
  eden space 130048K, 0% used [0x00000000ebc00000,0x00000000ebc00000,0x00000000f3b00000)
  from space 8704K, 0% used [0x00000000f4500000,0x00000000f4500000,0x00000000f4d80000)
  to   space 10240K, 0% used [0x00000000f3b00000,0x00000000f3b00000,0x00000000f4500000)
 ParOldGen       total 50688K, used 14951K [0x00000000c3400000, 0x00000000c6580000, 0x00000000ebc00000)
  object space 50688K, 29% used [0x00000000c3400000,0x00000000c4299db8,0x00000000c6580000)
 Metaspace       used 33870K, capacity 35394K, committed 35456K, reserved 1079296K
  class space    used 4382K, capacity 4680K, committed 4736K, reserved 1048576K
}

