# JRE version: Java(TM) SE Runtime Environment (8.0_181-b13) (build 1.8.0_181-b13)
# Java VM: Java HotSpot(TM) 64-Bit Server VM (25.181-b13 mixed mode windows-amd64 compressed oops)
Heap:
 PSYoungGen      total 169472K, used 87943K [0x00000000ebc00000, 0x00000000f7900000, 0x0000000100000000)
  eden space 160256K, 54% used [0x00000000ebc00000,0x00000000f11e1f40,0x00000000f5880000)
  from space 9216K, 0% used [0x00000000f6200000,0x00000000f6200000,0x00000000f6b00000)
  to   space 9728K, 0% used [0x00000000f5880000,0x00000000f5880000,0x00000000f6200000)
 ParOldGen       total 44032K, used 14360K [0x00000000c3400000, 0x00000000c5f00000, 0x00000000ebc00000)
  object space 44032K, 32% used [0x00000000c3400000,0x00000000c42061a0,0x00000000c5f00000)
 Metaspace       used 40587K, capacity 42218K, committed 42368K, reserved 1085440K
  class space    used 5442K, capacity 5754K, committed 5760K, reserved 1048576K
GC Heap History (10 events):
Event: 2.886 GC heap before
{Heap before GC invocations=8 (full 1):
 PSYoungGen      total 68608K, used 5845K [0x00000000ebc00000, 0x00000000f4300000, 0x0000000100000000)
  eden space 62464K, 0% used [0x00000000ebc00000,0x00000000ebc00000,0x00000000ef900000)
  from space 6144K, 95% used [0x00000000ef900000,0x00000000efeb57c8,0x00000000eff00000)
  to   space 6656K, 0% used [0x00000000f3c80000,0x00000000f3c80000,0x00000000f4300000)
 ParOldGen       total 42496K, used 7430K [0x00000000c3400000, 0x00000000c5d80000, 0x00000000ebc00000)
  object space 42496K, 17% used [0x00000000c3400000,0x00000000c3b419b8,0x00000000c5d80000)
 Metaspace       used 20503K, capacity 21124K, committed 21296K, reserved 1067008K
  class space    used 2666K, capacity 2835K, committed 2944K, reserved 1048576K
Event: 2.923 GC heap after
Heap after GC invocations=8 (full 1):
 PSYoungGen      total 68608K, used 0K [0x00000000ebc00000, 0x00000000f4300000, 0x0000000100000000)
  eden space 62464K, 0% used [0x00000000ebc00000,0x00000000ebc00000,0x00000000ef900000)
  from space 6144K, 0% used [0x00000000ef900000,0x00000000ef900000,0x00000000eff00000)
  to   space 6656K, 0% used [0x00000000f3c80000,0x00000000f3c80000,0x00000000f4300000)
 ParOldGen       total 31232K, used 8080K [0x00000000c3400000, 0x00000000c5280000, 0x00000000ebc00000)
  object space 31232K, 25% used [0x00000000c3400000,0x00000000c3be40c8,0x00000000c5280000)
 Metaspace       used 20502K, capacity 21118K, committed 21296K, reserved 1067008K
  class space    used 2665K, capacity 2834K, committed 2944K, reserved 1048576K
}
Event: 3.947 GC heap before
{Heap before GC invocations=9 (full 1):
 PSYoungGen      total 68608K, used 62437K [0x00000000ebc00000, 0x00000000f4300000, 0x0000000100000000)
  eden space 62464K, 99% used [0x00000000ebc00000,0x00000000ef8f9540,0x00000000ef900000)
  from space 6144K, 0% used [0x00000000ef900000,0x00000000ef900000,0x00000000eff00000)
  to   space 6656K, 0% used [0x00000000f3c80000,0x00000000f3c80000,0x00000000f4300000)
 ParOldGen       total 31232K, used 8080K [0x00000000c3400000, 0x00000000c5280000, 0x00000000ebc00000)
  object space 31232K, 25% used [0x00000000c3400000,0x00000000c3be40c8,0x00000000c5280000)
 Metaspace       used 23073K, capacity 23826K, committed 24064K, reserved 1071104K
  class space    used 2996K, capacity 3202K, committed 3328K, reserved 1048576K
Event: 4.045 GC heap after
Heap after GC invocations=9 (full 1):
 PSYoungGen      total 116736K, used 4718K [0x00000000ebc00000, 0x00000000f4180000, 0x0000000100000000)
  eden space 111616K, 0% used [0x00000000ebc00000,0x00000000ebc00000,0x00000000f2900000)
  from space 5120K, 92% used [0x00000000f3c80000,0x00000000f411b900,0x00000000f4180000)
  to   space 6656K, 0% used [0x00000000f3480000,0x00000000f3480000,0x00000000f3b00000)
 ParOldGen       total 31232K, used 8088K [0x00000000c3400000, 0x00000000c5280000, 0x00000000ebc00000)
  object space 31232K, 25% used [0x00000000c3400000,0x00000000c3be60c8,0x00000000c5280000)
 Metaspace       used 23073K, capacity 23826K, committed 24064K, reserved 1071104K
  class space    used 2996K, capacity 3202K, committed 3328K, reserved 1048576K
}
Event: 8.975 GC heap before
{Heap before GC invocations=10 (full 1):
 PSYoungGen      total 116736K, used 116334K [0x00000000ebc00000, 0x00000000f4180000, 0x0000000100000000)
  eden space 111616K, 100% used [0x00000000ebc00000,0x00000000f2900000,0x00000000f2900000)
  from space 5120K, 92% used [0x00000000f3c80000,0x00000000f411b900,0x00000000f4180000)
  to   space 6656K, 0% used [0x00000000f3480000,0x00000000f3480000,0x00000000f3b00000)
 ParOldGen       total 31232K, used 8088K [0x00000000c3400000, 0x00000000c5280000, 0x00000000ebc00000)
  object space 31232K, 25% used [0x00000000c3400000,0x00000000c3be60c8,0x00000000c5280000)
 Metaspace       used 30886K, capacity 32382K, committed 32512K, reserved 1077248K
  class space    used 4046K, capacity 4334K, committed 4352K, reserved 1048576K
Event: 8.994 GC heap after
Heap after GC invocations=10 (full 1):
 PSYoungGen      total 130048K, used 6648K [0x00000000ebc00000, 0x00000000f6b00000, 0x0000000100000000)
  eden space 123392K, 0% used [0x00000000ebc00000,0x00000000ebc00000,0x00000000f3480000)
  from space 6656K, 99% used [0x00000000f3480000,0x00000000f3afe368,0x00000000f3b00000)
  to   space 9216K, 0% used [0x00000000f6200000,0x00000000f6200000,0x00000000f6b00000)
 ParOldGen       total 31232K, used 12778K [0x00000000c3400000, 0x00000000c5280000, 0x00000000ebc00000)
  object space 31232K, 40% used [0x00000000c3400000,0x00000000c407ab20,0x00000000c5280000)
 Metaspace       used 30886K, capacity 32382K, committed 32512K, reserved 1077248K
  class space    used 4046K, capacity 4334K, committed 4352K, reserved 1048576K
}
Event: 11.380 GC heap before
{Heap before GC invocations=11 (full 1):
 PSYoungGen      total 130048K, used 103814K [0x00000000ebc00000, 0x00000000f6b00000, 0x0000000100000000)
  eden space 123392K, 78% used [0x00000000ebc00000,0x00000000f1ae37d8,0x00000000f3480000)
  from space 6656K, 99% used [0x00000000f3480000,0x00000000f3afe368,0x00000000f3b00000)
  to   space 9216K, 0% used [0x00000000f6200000,0x00000000f6200000,0x00000000f6b00000)
 ParOldGen       total 31232K, used 12778K [0x00000000c3400000, 0x00000000c5280000, 0x00000000ebc00000)
  object space 31232K, 40% used [0x00000000c3400000,0x00000000c407ab20,0x00000000c5280000)
 Metaspace       used 33893K, capacity 35398K, committed 35456K, reserved 1079296K
  class space    used 4385K, capacity 4680K, committed 4736K, reserved 1048576K
Event: 11.392 GC heap after
Heap after GC invocations=11 (full 1):
 PSYoungGen      total 169472K, used 7989K [0x00000000ebc00000, 0x00000000f7900000, 0x0000000100000000)
  eden space 160256K, 0% used [0x00000000ebc00000,0x00000000ebc00000,0x00000000f5880000)
  from space 9216K, 86% used [0x00000000f6200000,0x00000000f69cd450,0x00000000f6b00000)
  to   space 9728K, 0% used [0x00000000f5880000,0x00000000f5880000,0x00000000f6200000)
 ParOldGen       total 31232K, used 14432K [0x00000000c3400000, 0x00000000c5280000, 0x00000000ebc00000)
  object space 31232K, 46% used [0x00000000c3400000,0x00000000c42183f0,0x00000000c5280000)
 Metaspace       used 33893K, capacity 35398K, committed 35456K, reserved 1079296K
  class space    used 4385K, capacity 4680K, committed 4736K, reserved 1048576K
}
Event: 11.392 GC heap before
{Heap before GC invocations=12 (full 2):
 PSYoungGen      total 169472K, used 7989K [0x00000000ebc00000, 0x00000000f7900000, 0x0000000100000000)
  eden space 160256K, 0% used [0x00000000ebc00000,0x00000000ebc00000,0x00000000f5880000)
  from space 9216K, 86% used [0x00000000f6200000,0x00000000f69cd450,0x00000000f6b00000)
  to   space 9728K, 0% used [0x00000000f5880000,0x00000000f5880000,0x00000000f6200000)
 ParOldGen       total 31232K, used 14432K [0x00000000c3400000, 0x00000000c5280000, 0x00000000ebc00000)
  object space 31232K, 46% used [0x00000000c3400000,0x00000000c42183f0,0x00000000c5280000)
 Metaspace       used 33893K, capacity 35398K, committed 35456K, reserved 1079296K
  class space    used 4385K, capacity 4680K, committed 4736K, reserved 1048576K
Event: 11.453 GC heap after
Heap after GC invocations=12 (full 2):
 PSYoungGen      total 169472K, used 0K [0x00000000ebc00000, 0x00000000f7900000, 0x0000000100000000)
  eden space 160256K, 0% used [0x00000000ebc00000,0x00000000ebc00000,0x00000000f5880000)
  from space 9216K, 0% used [0x00000000f6200000,0x00000000f6200000,0x00000000f6b00000)
  to   space 9728K, 0% used [0x00000000f5880000,0x00000000f5880000,0x00000000f6200000)
 ParOldGen       total 44032K, used 14360K [0x00000000c3400000, 0x00000000c5f00000, 0x00000000ebc00000)
  object space 44032K, 32% used [0x00000000c3400000,0x00000000c42061a0,0x00000000c5f00000)
 Metaspace       used 33893K, capacity 35398K, committed 35456K, reserved 1079296K
  class space    used 4385K, capacity 4680K, committed 4736K, reserved 1048576K
}

